<?xml version="1.0" encoding="UTF-8"?>
<!-- Generated by org.testng.reporters.JUnitReportReporter -->
<testsuite hostname="LAPTOP-KMLSJNFK" failures="0" tests="1" name="com.osa.test.StudentPage" time="38.015" errors="0" timestamp="2021-03-31T21:13:53 EDT" skipped="0">
  <testcase classname="com.osa.test.StudentPage" name="verifyStudentPage" time="38.015"/>
  <system-out/>
</testsuite> <!-- com.osa.test.StudentPage -->
